[debug] ----------------------------------------------------------------------
[debug] Command:      /usr/local/bin/node /usr/local/bin/firebase deploy
[debug] CLI Version:  3.6.1
[debug] Platform:     darwin
[debug] Node Version: v6.10.0
[debug] Time:         Wed Jul 12 2017 15:44:21 GMT-0600 (MDT)
[debug] ----------------------------------------------------------------------
[debug] 
[debug] > command requires scopes: ["email","openid","https://www.googleapis.com/auth/cloudplatformprojects.readonly","https://www.googleapis.com/auth/firebase","https://www.googleapis.com/auth/cloud-platform"]
[debug] > refreshing access token with scopes: ["email","https://www.googleapis.com/auth/cloud-platform","https://www.googleapis.com/auth/cloudplatformprojects.readonly","https://www.googleapis.com/auth/firebase","openid"]
[debug] >>> HTTP REQUEST POST https://www.googleapis.com/oauth2/v3/token { refresh_token: '1/_5w_T4oucbzbUMVMAA8looNCD_dnp7LT3jZnO9VCk3U',
  client_id: '563584335869-fgrhgmd47bqnekij5i8b5pr03ho849e6.apps.googleusercontent.com',
  client_secret: 'j9iVZfS8kkCEFUPaAeJV0sAi',
  grant_type: 'refresh_token',
  scope: 'email https://www.googleapis.com/auth/cloud-platform https://www.googleapis.com/auth/cloudplatformprojects.readonly https://www.googleapis.com/auth/firebase openid' } 
 Wed Jul 12 2017 15:44:21 GMT-0600 (MDT)
[debug] <<< HTTP RESPONSE 200
[debug] >>> HTTP REQUEST GET https://admin.firebase.com/v1/projects/greads-45a02  
 Wed Jul 12 2017 15:44:21 GMT-0600 (MDT)
[debug] <<< HTTP RESPONSE 200
[debug] >>> HTTP REQUEST GET https://admin.firebase.com/v1/database/greads-45a02/tokens  
 Wed Jul 12 2017 15:44:22 GMT-0600 (MDT)
[debug] <<< HTTP RESPONSE 200
[info] 
[info] === Deploying to 'greads-45a02'...
[info] 
[info] i  deploying hosting
[info] i  hosting: preparing . directory for upload...
[debug] >>> HTTP REQUEST PUT https://deploy.firebase.com/v1/hosting/greads-45a02/uploads/-KoskdQgpdVu-G3SdxwY?fileCount=156&message=  
 Wed Jul 12 2017 15:44:23 GMT-0600 (MDT)
[debug] <<< HTTP RESPONSE 200
[debug] [hosting] .tgz uploaded successfully, waiting for extraction
[info] ✔  hosting: 156 files uploaded successfully
[info] i  starting release process (may take several minutes)...
[debug] >>> HTTP REQUEST POST https://deploy.firebase.com/v1/projects/greads-45a02/releases { hosting: 
   { public: '.',
     version: '-KoskdQgpdVu-G3SdxwY',
     prefix: '-KoskdQgpdVu-G3SdxwY/',
     manifest: [] } } 
 Wed Jul 12 2017 15:44:33 GMT-0600 (MDT)
[debug] <<< HTTP RESPONSE 200
[info] 
[info] ✔  Deploy complete!
[info] 
[info] Project Console: https://console.firebase.google.com/project/greads-45a02/overview
[info] Hosting URL: https://greads-45a02.firebaseapp.com
